0 info it worked if it ends with ok
1 verbose cli [ 'C:\\Program Files\\nodejs\\node.exe',
1 verbose cli   'C:\\Program Files\\nodejs\\node_modules\\npm\\bin\\npm-cli.js',
1 verbose cli   'install',
1 verbose cli   'spellchecker' ]
2 info using npm@3.10.10
3 info using node@v6.10.3
4 silly loadCurrentTree Starting
5 silly install loadCurrentTree
6 silly install readLocalPackageData
7 silly fetchPackageMetaData spellchecker@^3.4.4
8 silly fetchNamedPackageData spellchecker
9 silly mapToRegistry name spellchecker
10 silly mapToRegistry using default registry
11 silly mapToRegistry registry https://registry.npmjs.org/
12 silly mapToRegistry data Result {
12 silly mapToRegistry   raw: 'spellchecker',
12 silly mapToRegistry   scope: null,
12 silly mapToRegistry   escapedName: 'spellchecker',
12 silly mapToRegistry   name: 'spellchecker',
12 silly mapToRegistry   rawSpec: '',
12 silly mapToRegistry   spec: 'latest',
12 silly mapToRegistry   type: 'tag' }
13 silly mapToRegistry uri https://registry.npmjs.org/spellchecker
14 verbose request uri https://registry.npmjs.org/spellchecker
15 verbose request no auth needed
16 info attempt registry request try #1 at 6:54:57 PM
17 verbose request id a32211d81f80ed3d
18 verbose etag W/"59dd4d26-b019"
19 verbose lastModified Tue, 10 Oct 2017 22:43:50 GMT
20 http request GET https://registry.npmjs.org/spellchecker
21 http 304 https://registry.npmjs.org/spellchecker
22 verbose headers { date: 'Fri, 13 Oct 2017 01:54:55 GMT',
22 verbose headers   via: '1.1 varnish',
22 verbose headers   'cache-control': 'max-age=300',
22 verbose headers   etag: 'W/"59dd4d26-b019"',
22 verbose headers   age: '289',
22 verbose headers   connection: 'keep-alive',
22 verbose headers   'x-served-by': 'cache-bur17539-BUR',
22 verbose headers   'x-cache': 'HIT',
22 verbose headers   'x-cache-hits': '1',
22 verbose headers   'x-timer': 'S1507859696.563784,VS0,VE0',
22 verbose headers   vary: 'Accept-Encoding, Accept' }
23 silly get cb [ 304,
23 silly get   { date: 'Fri, 13 Oct 2017 01:54:55 GMT',
23 silly get     via: '1.1 varnish',
23 silly get     'cache-control': 'max-age=300',
23 silly get     etag: 'W/"59dd4d26-b019"',
23 silly get     age: '289',
23 silly get     connection: 'keep-alive',
23 silly get     'x-served-by': 'cache-bur17539-BUR',
23 silly get     'x-cache': 'HIT',
23 silly get     'x-cache-hits': '1',
23 silly get     'x-timer': 'S1507859696.563784,VS0,VE0',
23 silly get     vary: 'Accept-Encoding, Accept' } ]
24 verbose etag https://registry.npmjs.org/spellchecker from cache
25 verbose get saving spellchecker to C:\Users\Anteater\AppData\Roaming\npm-cache\registry.npmjs.org\spellchecker\.cache.json
26 verbose correctMkdir C:\Users\Anteater\AppData\Roaming\npm-cache correctMkdir not in flight; initializing
27 silly install normalizeTree
28 silly loadCurrentTree Finishing
29 silly loadIdealTree Starting
30 silly install loadIdealTree
31 silly cloneCurrentTree Starting
32 silly install cloneCurrentTreeToIdealTree
33 silly cloneCurrentTree Finishing
34 silly loadShrinkwrap Starting
35 silly install loadShrinkwrap
36 silly loadShrinkwrap Finishing
37 silly loadAllDepsIntoIdealTree Starting
38 silly install loadAllDepsIntoIdealTree
39 silly resolveWithNewModule spellchecker@3.4.4 checking installable status
40 silly cache add args [ 'spellchecker@^3.4.4', null ]
41 verbose cache add spec spellchecker@^3.4.4
42 silly cache add parsed spec Result {
42 silly cache add   raw: 'spellchecker@^3.4.4',
42 silly cache add   scope: null,
42 silly cache add   escapedName: 'spellchecker',
42 silly cache add   name: 'spellchecker',
42 silly cache add   rawSpec: '^3.4.4',
42 silly cache add   spec: '>=3.4.4 <4.0.0',
42 silly cache add   type: 'range' }
43 silly addNamed spellchecker@>=3.4.4 <4.0.0
44 verbose addNamed ">=3.4.4 <4.0.0" is a valid semver range for spellchecker
45 silly addNameRange { name: 'spellchecker', range: '>=3.4.4 <4.0.0', hasData: false }
46 silly mapToRegistry name spellchecker
47 silly mapToRegistry using default registry
48 silly mapToRegistry registry https://registry.npmjs.org/
49 silly mapToRegistry data Result {
49 silly mapToRegistry   raw: 'spellchecker',
49 silly mapToRegistry   scope: null,
49 silly mapToRegistry   escapedName: 'spellchecker',
49 silly mapToRegistry   name: 'spellchecker',
49 silly mapToRegistry   rawSpec: '',
49 silly mapToRegistry   spec: 'latest',
49 silly mapToRegistry   type: 'tag' }
50 silly mapToRegistry uri https://registry.npmjs.org/spellchecker
51 verbose addNameRange registry:https://registry.npmjs.org/spellchecker not in flight; fetching
52 verbose get https://registry.npmjs.org/spellchecker not expired, no request
53 silly addNameRange number 2 { name: 'spellchecker', range: '>=3.4.4 <4.0.0', hasData: true }
54 silly addNameRange versions [ 'spellchecker',
54 silly addNameRange   [ '0.2.0',
54 silly addNameRange     '0.3.0',
54 silly addNameRange     '0.4.0',
54 silly addNameRange     '0.5.0',
54 silly addNameRange     '0.6.0',
54 silly addNameRange     '0.7.0',
54 silly addNameRange     '0.8.0',
54 silly addNameRange     '0.9.0',
54 silly addNameRange     '1.0.0',
54 silly addNameRange     '1.0.1',
54 silly addNameRange     '1.1.0',
54 silly addNameRange     '2.0.0',
54 silly addNameRange     '2.1.0',
54 silly addNameRange     '2.2.0',
54 silly addNameRange     '2.2.1',
54 silly addNameRange     '3.0.0',
54 silly addNameRange     '3.1.0',
54 silly addNameRange     '3.1.1',
54 silly addNameRange     '3.1.2',
54 silly addNameRange     '3.1.3',
54 silly addNameRange     '3.2.0-0',
54 silly addNameRange     '3.2.0',
54 silly addNameRange     '3.2.1',
54 silly addNameRange     '3.2.2',
54 silly addNameRange     '3.2.3',
54 silly addNameRange     '3.3.0',
54 silly addNameRange     '3.3.1',
54 silly addNameRange     '3.4.0',
54 silly addNameRange     '3.4.1',
54 silly addNameRange     '3.4.2',
54 silly addNameRange     '3.4.3',
54 silly addNameRange     '3.4.4' ] ]
55 silly addNamed spellchecker@3.4.4
56 verbose addNamed "3.4.4" is a plain semver version for spellchecker
57 silly cache afterAdd spellchecker@3.4.4
58 verbose afterAdd C:\Users\Anteater\AppData\Roaming\npm-cache\spellchecker\3.4.4\package\package.json not in flight; writing
59 verbose correctMkdir C:\Users\Anteater\AppData\Roaming\npm-cache correctMkdir not in flight; initializing
60 verbose afterAdd C:\Users\Anteater\AppData\Roaming\npm-cache\spellchecker\3.4.4\package\package.json written
61 silly fetchNamedPackageData any-promise
62 silly mapToRegistry name any-promise
63 silly mapToRegistry using default registry
64 silly mapToRegistry registry https://registry.npmjs.org/
65 silly mapToRegistry data Result {
65 silly mapToRegistry   raw: 'any-promise',
65 silly mapToRegistry   scope: null,
65 silly mapToRegistry   escapedName: 'any-promise',
65 silly mapToRegistry   name: 'any-promise',
65 silly mapToRegistry   rawSpec: '',
65 silly mapToRegistry   spec: 'latest',
65 silly mapToRegistry   type: 'tag' }
66 silly mapToRegistry uri https://registry.npmjs.org/any-promise
67 silly fetchNamedPackageData nan
68 silly mapToRegistry name nan
69 silly mapToRegistry using default registry
70 silly mapToRegistry registry https://registry.npmjs.org/
71 silly mapToRegistry data Result {
71 silly mapToRegistry   raw: 'nan',
71 silly mapToRegistry   scope: null,
71 silly mapToRegistry   escapedName: 'nan',
71 silly mapToRegistry   name: 'nan',
71 silly mapToRegistry   rawSpec: '',
71 silly mapToRegistry   spec: 'latest',
71 silly mapToRegistry   type: 'tag' }
72 silly mapToRegistry uri https://registry.npmjs.org/nan
73 verbose request uri https://registry.npmjs.org/any-promise
74 verbose request no auth needed
75 info attempt registry request try #1 at 6:54:58 PM
76 verbose etag W/"597b0cdb-467b"
77 verbose lastModified Fri, 28 Jul 2017 10:07:23 GMT
78 http request GET https://registry.npmjs.org/any-promise
79 verbose request uri https://registry.npmjs.org/nan
80 verbose request no auth needed
81 info attempt registry request try #1 at 6:54:58 PM
82 verbose etag W/"59c33594-20237"
83 verbose lastModified Thu, 21 Sep 2017 03:44:20 GMT
84 http request GET https://registry.npmjs.org/nan
85 http 304 https://registry.npmjs.org/nan
86 verbose headers { date: 'Fri, 13 Oct 2017 01:54:57 GMT',
86 verbose headers   via: '1.1 varnish',
86 verbose headers   'cache-control': 'max-age=300',
86 verbose headers   etag: 'W/"59c33594-20237"',
86 verbose headers   age: '101',
86 verbose headers   connection: 'keep-alive',
86 verbose headers   'x-served-by': 'cache-bur17542-BUR',
86 verbose headers   'x-cache': 'HIT',
86 verbose headers   'x-cache-hits': '1',
86 verbose headers   'x-timer': 'S1507859697.025573,VS0,VE0',
86 verbose headers   vary: 'Accept-Encoding, Accept' }
87 silly get cb [ 304,
87 silly get   { date: 'Fri, 13 Oct 2017 01:54:57 GMT',
87 silly get     via: '1.1 varnish',
87 silly get     'cache-control': 'max-age=300',
87 silly get     etag: 'W/"59c33594-20237"',
87 silly get     age: '101',
87 silly get     connection: 'keep-alive',
87 silly get     'x-served-by': 'cache-bur17542-BUR',
87 silly get     'x-cache': 'HIT',
87 silly get     'x-cache-hits': '1',
87 silly get     'x-timer': 'S1507859697.025573,VS0,VE0',
87 silly get     vary: 'Accept-Encoding, Accept' } ]
88 verbose etag https://registry.npmjs.org/nan from cache
89 verbose get saving nan to C:\Users\Anteater\AppData\Roaming\npm-cache\registry.npmjs.org\nan\.cache.json
90 verbose correctMkdir C:\Users\Anteater\AppData\Roaming\npm-cache correctMkdir not in flight; initializing
91 silly resolveWithNewModule nan@2.7.0 checking installable status
92 silly cache add args [ 'nan@^2.0.0', null ]
93 verbose cache add spec nan@^2.0.0
94 silly cache add parsed spec Result {
94 silly cache add   raw: 'nan@^2.0.0',
94 silly cache add   scope: null,
94 silly cache add   escapedName: 'nan',
94 silly cache add   name: 'nan',
94 silly cache add   rawSpec: '^2.0.0',
94 silly cache add   spec: '>=2.0.0 <3.0.0',
94 silly cache add   type: 'range' }
95 silly addNamed nan@>=2.0.0 <3.0.0
96 verbose addNamed ">=2.0.0 <3.0.0" is a valid semver range for nan
97 silly addNameRange { name: 'nan', range: '>=2.0.0 <3.0.0', hasData: false }
98 silly mapToRegistry name nan
99 silly mapToRegistry using default registry
100 silly mapToRegistry registry https://registry.npmjs.org/
101 silly mapToRegistry data Result {
101 silly mapToRegistry   raw: 'nan',
101 silly mapToRegistry   scope: null,
101 silly mapToRegistry   escapedName: 'nan',
101 silly mapToRegistry   name: 'nan',
101 silly mapToRegistry   rawSpec: '',
101 silly mapToRegistry   spec: 'latest',
101 silly mapToRegistry   type: 'tag' }
102 silly mapToRegistry uri https://registry.npmjs.org/nan
103 verbose addNameRange registry:https://registry.npmjs.org/nan not in flight; fetching
104 verbose get https://registry.npmjs.org/nan not expired, no request
105 silly addNameRange number 2 { name: 'nan', range: '>=2.0.0 <3.0.0', hasData: true }
106 silly addNameRange versions [ 'nan',
106 silly addNameRange   [ '0.3.0-wip',
106 silly addNameRange     '0.3.0-wip2',
106 silly addNameRange     '0.3.0',
106 silly addNameRange     '0.3.1',
106 silly addNameRange     '0.3.2',
106 silly addNameRange     '0.4.0',
106 silly addNameRange     '0.4.1',
106 silly addNameRange     '0.4.2',
106 silly addNameRange     '0.4.3',
106 silly addNameRange     '0.4.4',
106 silly addNameRange     '0.5.0',
106 silly addNameRange     '0.5.1',
106 silly addNameRange     '0.5.2',
106 silly addNameRange     '0.6.0',
106 silly addNameRange     '0.7.0',
106 silly addNameRange     '0.7.1',
106 silly addNameRange     '0.8.0',
106 silly addNameRange     '1.0.0',
106 silly addNameRange     '1.1.0',
106 silly addNameRange     '1.1.1',
106 silly addNameRange     '1.1.2',
106 silly addNameRange     '1.2.0',
106 silly addNameRange     '1.3.0',
106 silly addNameRange     '1.4.0',
106 silly addNameRange     '1.4.1',
106 silly addNameRange     '1.5.0',
106 silly addNameRange     '1.4.2',
106 silly addNameRange     '1.4.3',
106 silly addNameRange     '1.5.1',
106 silly addNameRange     '1.5.2',
106 silly addNameRange     '1.6.0',
106 silly addNameRange     '1.5.3',
106 silly addNameRange     '1.6.1',
106 silly addNameRange     '1.6.2',
106 silly addNameRange     '1.7.0',
106 silly addNameRange     '1.8.0',
106 silly addNameRange     '1.8.1',
106 silly addNameRange     '1.8.2',
106 silly addNameRange     '1.8.3',
106 silly addNameRange     '1.8.4',
106 silly addNameRange     '1.9.0',
106 silly addNameRange     '2.0.0',
106 silly addNameRange     '2.0.1',
106 silly addNameRange     '2.0.2',
106 silly addNameRange     '2.0.3',
106 silly addNameRange     '2.0.4',
106 silly addNameRange     '2.0.5',
106 silly addNameRange     '2.0.6',
106 silly addNameRange     '2.0.7',
106 silly addNameRange     '2.0.8',
106 silly addNameRange     '2.0.9',
106 silly addNameRange     '2.1.0',
106 silly addNameRange     '2.2.0',
106 silly addNameRange     '2.2.1',
106 silly addNameRange     '2.3.0',
106 silly addNameRange     '2.3.1',
106 silly addNameRange     '2.3.2',
106 silly addNameRange     '2.3.3',
106 silly addNameRange     '2.3.4',
106 silly addNameRange     '2.3.5',
106 silly addNameRange     '2.4.0',
106 silly addNameRange     '2.5.0',
106 silly addNameRange     '2.5.1',
106 silly addNameRange     '2.6.0',
106 silly addNameRange     '2.6.1',
106 silly addNameRange     '2.6.2',
106 silly addNameRange     '2.7.0' ] ]
107 silly addNamed nan@2.7.0
108 verbose addNamed "2.7.0" is a plain semver version for nan
109 silly cache afterAdd nan@2.7.0
110 verbose afterAdd C:\Users\Anteater\AppData\Roaming\npm-cache\nan\2.7.0\package\package.json not in flight; writing
111 verbose correctMkdir C:\Users\Anteater\AppData\Roaming\npm-cache correctMkdir not in flight; initializing
112 verbose afterAdd C:\Users\Anteater\AppData\Roaming\npm-cache\nan\2.7.0\package\package.json written
113 http 304 https://registry.npmjs.org/any-promise
114 verbose headers { date: 'Fri, 13 Oct 2017 01:54:57 GMT',
114 verbose headers   via: '1.1 varnish',
114 verbose headers   'cache-control': 'max-age=300',
114 verbose headers   etag: 'W/"597b0cdb-467b"',
114 verbose headers   age: '0',
114 verbose headers   connection: 'keep-alive',
114 verbose headers   'x-served-by': 'cache-bur17539-BUR',
114 verbose headers   'x-cache': 'HIT',
114 verbose headers   'x-cache-hits': '1',
114 verbose headers   'x-timer': 'S1507859697.005389,VS0,VE167',
114 verbose headers   vary: 'Accept-Encoding, Accept' }
115 silly get cb [ 304,
115 silly get   { date: 'Fri, 13 Oct 2017 01:54:57 GMT',
115 silly get     via: '1.1 varnish',
115 silly get     'cache-control': 'max-age=300',
115 silly get     etag: 'W/"597b0cdb-467b"',
115 silly get     age: '0',
115 silly get     connection: 'keep-alive',
115 silly get     'x-served-by': 'cache-bur17539-BUR',
115 silly get     'x-cache': 'HIT',
115 silly get     'x-cache-hits': '1',
115 silly get     'x-timer': 'S1507859697.005389,VS0,VE167',
115 silly get     vary: 'Accept-Encoding, Accept' } ]
116 verbose etag https://registry.npmjs.org/any-promise from cache
117 verbose get saving any-promise to C:\Users\Anteater\AppData\Roaming\npm-cache\registry.npmjs.org\any-promise\.cache.json
118 verbose correctMkdir C:\Users\Anteater\AppData\Roaming\npm-cache correctMkdir not in flight; initializing
119 silly resolveWithNewModule any-promise@1.3.0 checking installable status
120 silly cache add args [ 'any-promise@^1.3.0', null ]
121 verbose cache add spec any-promise@^1.3.0
122 silly cache add parsed spec Result {
122 silly cache add   raw: 'any-promise@^1.3.0',
122 silly cache add   scope: null,
122 silly cache add   escapedName: 'any-promise',
122 silly cache add   name: 'any-promise',
122 silly cache add   rawSpec: '^1.3.0',
122 silly cache add   spec: '>=1.3.0 <2.0.0',
122 silly cache add   type: 'range' }
123 silly addNamed any-promise@>=1.3.0 <2.0.0
124 verbose addNamed ">=1.3.0 <2.0.0" is a valid semver range for any-promise
125 silly addNameRange { name: 'any-promise', range: '>=1.3.0 <2.0.0', hasData: false }
126 silly mapToRegistry name any-promise
127 silly mapToRegistry using default registry
128 silly mapToRegistry registry https://registry.npmjs.org/
129 silly mapToRegistry data Result {
129 silly mapToRegistry   raw: 'any-promise',
129 silly mapToRegistry   scope: null,
129 silly mapToRegistry   escapedName: 'any-promise',
129 silly mapToRegistry   name: 'any-promise',
129 silly mapToRegistry   rawSpec: '',
129 silly mapToRegistry   spec: 'latest',
129 silly mapToRegistry   type: 'tag' }
130 silly mapToRegistry uri https://registry.npmjs.org/any-promise
131 verbose addNameRange registry:https://registry.npmjs.org/any-promise not in flight; fetching
132 verbose get https://registry.npmjs.org/any-promise not expired, no request
133 silly addNameRange number 2 { name: 'any-promise', range: '>=1.3.0 <2.0.0', hasData: true }
134 silly addNameRange versions [ 'any-promise',
134 silly addNameRange   [ '0.0.1',
134 silly addNameRange     '0.0.2',
134 silly addNameRange     '0.1.0',
134 silly addNameRange     '0.2.0',
134 silly addNameRange     '1.0.0',
134 silly addNameRange     '1.1.0',
134 silly addNameRange     '1.2.0',
134 silly addNameRange     '1.3.0' ] ]
135 silly addNamed any-promise@1.3.0
136 verbose addNamed "1.3.0" is a plain semver version for any-promise
137 silly cache afterAdd any-promise@1.3.0
138 verbose afterAdd C:\Users\Anteater\AppData\Roaming\npm-cache\any-promise\1.3.0\package\package.json not in flight; writing
139 verbose correctMkdir C:\Users\Anteater\AppData\Roaming\npm-cache correctMkdir not in flight; initializing
140 verbose afterAdd C:\Users\Anteater\AppData\Roaming\npm-cache\any-promise\1.3.0\package\package.json written
141 silly loadAllDepsIntoIdealTree Finishing
142 silly loadIdealTree Finishing
143 silly currentTree hal-bot@1.0.0
143 silly currentTree +-- @types/geojson@1.0.4
143 silly currentTree +-- @types/node@8.0.34
143 silly currentTree +-- abbrev@1.1.1
143 silly currentTree +-- accepts@1.3.4
143 silly currentTree +-- ajv@5.2.3
143 silly currentTree +-- align-text@0.1.4
143 silly currentTree +-- amdefine@1.0.1
143 silly currentTree +-- ansi-regex@2.1.1
143 silly currentTree +-- ansicolors@0.2.1
143 silly currentTree +-- array-flatten@1.1.1
143 silly currentTree +-- asap@2.0.6
143 silly currentTree +-- asn1@0.2.3
143 silly currentTree +-- assert-plus@1.0.0
143 silly currentTree +-- assertion-error@1.0.2
143 silly currentTree +-- async@1.5.2
143 silly currentTree +-- asynckit@0.4.0
143 silly currentTree +-- augment@3.2.1
143 silly currentTree +-- aws-sign2@0.7.0
143 silly currentTree +-- aws4@1.6.0
143 silly currentTree +-- babel-runtime@6.26.0
143 silly currentTree +-- balanced-match@1.0.0
143 silly currentTree +-- base64url@2.0.0
143 silly currentTree +-- bcrypt-pbkdf@1.0.1
143 silly currentTree +-- bignumber.js@4.0.4
143 silly currentTree +-- bluebird@3.5.1
143 silly currentTree +-- body-parser@1.18.2
143 silly currentTree | `-- qs@6.5.1
143 silly currentTree +-- boom@4.3.1
143 silly currentTree | `-- hoek@4.2.0
143 silly currentTree +-- brace-expansion@1.1.8
143 silly currentTree +-- browser-stdout@1.3.0
143 silly currentTree +-- buffer-equal-constant-time@1.0.1
143 silly currentTree +-- builtin-modules@1.1.1
143 silly currentTree +-- bytes@3.0.0
143 silly currentTree +-- camelcase@1.2.1
143 silly currentTree +-- cardinal@1.0.0
143 silly currentTree +-- caseless@0.12.0
143 silly currentTree +-- celebs@0.1.1
143 silly currentTree +-- center-align@0.1.3
143 silly currentTree +-- chai@4.1.2
143 silly currentTree +-- check-error@1.0.2
143 silly currentTree +-- cli-color@1.2.0
143 silly currentTree +-- cliui@2.1.0
143 silly currentTree | `-- wordwrap@0.0.2
143 silly currentTree +-- clj-fuzzy@0.3.3
143 silly currentTree +-- cls-bluebird@2.0.1
143 silly currentTree +-- co@4.6.0
143 silly currentTree +-- code-point-at@1.1.0
143 silly currentTree +-- colors@0.5.1
143 silly currentTree +-- combined-stream@1.0.5
143 silly currentTree +-- commander@2.11.0
143 silly currentTree +-- concat-map@0.0.1
143 silly currentTree +-- config-chain@1.1.11
143 silly currentTree +-- content-disposition@0.5.2
143 silly currentTree +-- content-type@1.0.4
143 silly currentTree +-- cookie-signature@1.0.6
143 silly currentTree +-- cookie@0.3.1
143 silly currentTree +-- core-js@2.5.1
143 silly currentTree +-- core-util-is@1.0.2
143 silly currentTree +-- cross-spawn@5.1.0
143 silly currentTree +-- cryptiles@3.1.2
143 silly currentTree | +-- boom@5.2.0
143 silly currentTree | `-- hoek@4.2.0
143 silly currentTree +-- csv-generate@1.0.0
143 silly currentTree +-- csv-parse@1.2.4
143 silly currentTree +-- csv-stringify@1.0.4
143 silly currentTree +-- csv@1.1.1
143 silly currentTree +-- d@1.0.0
143 silly currentTree +-- dashdash@1.14.1
143 silly currentTree +-- debug@2.6.9
143 silly currentTree +-- decamelize@1.2.0
143 silly currentTree +-- deep-eql@3.0.1
143 silly currentTree +-- deep-extend@0.5.0
143 silly currentTree +-- define-properties@1.1.2
143 silly currentTree +-- delayed-stream@1.0.0
143 silly currentTree +-- denque@1.2.2
143 silly currentTree +-- depd@1.1.1
143 silly currentTree +-- deprecate@1.0.0
143 silly currentTree +-- destroy@1.0.4
143 silly currentTree +-- diff@3.3.1
143 silly currentTree +-- dottie@2.0.0
143 silly currentTree +-- ebnf-parser@0.1.10
143 silly currentTree +-- ecc-jsbn@0.1.1
143 silly currentTree +-- ecdsa-sig-formatter@1.0.9
143 silly currentTree +-- editorconfig@0.13.3
143 silly currentTree | `-- lru-cache@3.2.0
143 silly currentTree +-- ee-first@1.1.1
143 silly currentTree +-- encodeurl@1.0.1
143 silly currentTree +-- error-ex@1.3.1
143 silly currentTree +-- es5-ext@0.10.31
143 silly currentTree +-- es6-iterator@2.0.1
143 silly currentTree +-- es6-symbol@3.1.1
143 silly currentTree +-- es6-weak-map@2.0.2
143 silly currentTree +-- escape-html@1.0.3
143 silly currentTree +-- escape-string-regexp@1.0.5
143 silly currentTree +-- escodegen@0.0.21
143 silly currentTree | `-- esprima@1.0.4
143 silly currentTree +-- esprima@3.0.0
143 silly currentTree +-- estraverse@0.0.4
143 silly currentTree +-- etag@1.8.1
143 silly currentTree +-- event-emitter@0.3.5
143 silly currentTree +-- execa@0.7.0
143 silly currentTree +-- express-handlebars@3.0.0
143 silly currentTree +-- express@4.16.2
143 silly currentTree | +-- qs@6.5.1
143 silly currentTree | `-- setprototypeof@1.1.0
143 silly currentTree +-- extend@3.0.1
143 silly currentTree +-- extsprintf@1.3.0
143 silly currentTree +-- fast-deep-equal@1.0.0
143 silly currentTree +-- finalhandler@1.1.0
143 silly currentTree +-- find-up@2.1.0
143 silly currentTree +-- foreach@2.0.5
143 silly currentTree +-- forever-agent@0.6.1
143 silly currentTree +-- form-data@2.3.1
143 silly currentTree +-- forwarded@0.1.2
143 silly currentTree +-- fresh@0.5.2
143 silly currentTree +-- fs-extra@4.0.2
143 silly currentTree +-- fs.realpath@1.0.0
143 silly currentTree +-- function-bind@1.1.1
143 silly currentTree +-- generate-function@2.0.0
143 silly currentTree +-- generic-pool@3.1.8
143 silly currentTree +-- get-caller-file@1.0.2
143 silly currentTree +-- get-func-name@2.0.0
143 silly currentTree +-- get-stream@3.0.0
143 silly currentTree +-- getpass@0.1.7
143 silly currentTree +-- glob@6.0.4
143 silly currentTree +-- graceful-fs@4.1.11
143 silly currentTree +-- growl@1.10.3
143 silly currentTree +-- handlebars@4.0.10
143 silly currentTree +-- har-schema@2.0.0
143 silly currentTree +-- har-validator@5.0.3
143 silly currentTree +-- has-flag@2.0.0
143 silly currentTree +-- hawk@6.0.2
143 silly currentTree | `-- hoek@4.2.0
143 silly currentTree +-- he@1.1.1
143 silly currentTree +-- hoek@4.2.0
143 silly currentTree +-- hosted-git-info@2.5.0
143 silly currentTree +-- http-errors@1.6.2
143 silly currentTree +-- http-signature@1.2.0
143 silly currentTree +-- humanparser@1.5.0
143 silly currentTree +-- iconv-lite@0.4.19
143 silly currentTree +-- inflection@1.12.0
143 silly currentTree +-- inflight@1.0.6
143 silly currentTree +-- inherits@2.0.3
143 silly currentTree +-- ini@1.3.4
143 silly currentTree +-- invert-kv@1.0.0
143 silly currentTree +-- ipaddr.js@1.5.2
143 silly currentTree +-- is-arrayish@0.2.1
143 silly currentTree +-- is-bluebird@1.0.2
143 silly currentTree +-- is-buffer@1.1.5
143 silly currentTree +-- is-builtin-module@1.0.0
143 silly currentTree +-- is-fullwidth-code-point@1.0.0
143 silly currentTree +-- is-promise@2.1.0
143 silly currentTree +-- is-stream@1.1.0
143 silly currentTree +-- is-typedarray@1.0.0
143 silly currentTree +-- is@3.2.1
143 silly currentTree +-- isarray@1.0.0
143 silly currentTree +-- isemail@1.2.0
143 silly currentTree +-- isexe@2.0.0
143 silly currentTree +-- isstream@0.1.2
143 silly currentTree +-- its-set@1.2.1
143 silly currentTree +-- jison-lex@0.2.1
143 silly currentTree +-- jison@0.4.4
143 silly currentTree | `-- esprima@1.0.4
143 silly currentTree +-- joi@6.10.1
143 silly currentTree | `-- hoek@2.16.3
143 silly currentTree +-- js-beautify@1.7.4
143 silly currentTree +-- js-levenshtein@1.1.3
143 silly currentTree +-- jsbn@0.1.1
143 silly currentTree +-- json-schema-traverse@0.3.1
143 silly currentTree +-- json-schema@0.2.3
143 silly currentTree +-- json-stable-stringify@1.0.1
143 silly currentTree +-- json-stringify-safe@5.0.1
143 silly currentTree +-- jsonfile@4.0.0
143 silly currentTree +-- jsonify@0.0.0
143 silly currentTree +-- JSONSelect@0.4.0
143 silly currentTree +-- jsonwebtoken@7.4.3
143 silly currentTree +-- jsprim@1.4.1
143 silly currentTree +-- jwa@1.1.5
143 silly currentTree +-- jws@3.1.4
143 silly currentTree +-- kind-of@3.2.2
143 silly currentTree +-- lazy-cache@1.0.4
143 silly currentTree +-- lcid@1.0.0
143 silly currentTree +-- lex-parser@0.1.4
143 silly currentTree +-- lex@1.7.4
143 silly currentTree +-- load-json-file@2.0.0
143 silly currentTree +-- locate-path@2.0.0
143 silly currentTree +-- lodash.get@4.4.2
143 silly currentTree +-- lodash.once@4.1.1
143 silly currentTree +-- lodash@4.17.4
143 silly currentTree +-- long@3.2.0
143 silly currentTree +-- longest@1.0.1
143 silly currentTree +-- lru-cache@4.1.1
143 silly currentTree +-- lru-queue@0.1.0
143 silly currentTree +-- media-typer@0.3.0
143 silly currentTree +-- mem@1.1.0
143 silly currentTree +-- memoizee@0.4.11
143 silly currentTree +-- merge-descriptors@1.0.1
143 silly currentTree +-- method-override@2.3.10
143 silly currentTree +-- methods@1.1.2
143 silly currentTree +-- mime-db@1.30.0
143 silly currentTree +-- mime-types@2.1.17
143 silly currentTree +-- mime@1.4.1
143 silly currentTree +-- mimic-fn@1.1.0
143 silly currentTree +-- minimatch@3.0.4
143 silly currentTree +-- minimist@0.0.10
143 silly currentTree +-- mkdirp@0.5.1
143 silly currentTree | `-- minimist@0.0.8
143 silly currentTree +-- mocha@4.0.1
143 silly currentTree | +-- debug@3.1.0
143 silly currentTree | `-- glob@7.1.2
143 silly currentTree +-- moment-timezone@0.5.13
143 silly currentTree +-- moment@2.19.0
143 silly currentTree +-- ms@2.0.0
143 silly currentTree +-- mysql@2.15.0
143 silly currentTree +-- mysql2@1.4.2
143 silly currentTree | `-- readable-stream@2.3.2
143 silly currentTree +-- named-placeholders@1.1.1
143 silly currentTree | `-- lru-cache@2.5.0
143 silly currentTree +-- negotiator@0.6.1
143 silly currentTree +-- next-tick@1.0.0
143 silly currentTree +-- nomnom@1.5.2
143 silly currentTree | `-- underscore@1.1.7
143 silly currentTree +-- nopt@3.0.6
143 silly currentTree +-- normalize-package-data@2.4.0
143 silly currentTree +-- npm-run-path@2.0.2
143 silly currentTree +-- number-is-nan@1.0.1
143 silly currentTree +-- oauth-sign@0.8.2
143 silly currentTree +-- object-assign@4.1.1
143 silly currentTree +-- object-keys@1.0.11
143 silly currentTree +-- object.assign@4.0.4
143 silly currentTree +-- ohm-js@0.13.1
143 silly currentTree +-- on-finished@2.3.0
143 silly currentTree +-- once@1.4.0
143 silly currentTree +-- optimist@0.6.1
143 silly currentTree +-- os-locale@2.1.0
143 silly currentTree +-- p-finally@1.0.0
143 silly currentTree +-- p-limit@1.1.0
143 silly currentTree +-- p-locate@2.0.0
143 silly currentTree +-- parse-json@2.2.0
143 silly currentTree +-- parseurl@1.3.2
143 silly currentTree +-- path-exists@3.0.0
143 silly currentTree +-- path-is-absolute@1.0.1
143 silly currentTree +-- path-key@2.0.1
143 silly currentTree +-- path-parse@1.0.5
143 silly currentTree +-- path-to-regexp@0.1.7
143 silly currentTree +-- path-type@2.0.0
143 silly currentTree +-- pathval@1.1.0
143 silly currentTree +-- performance-now@2.1.0
143 silly currentTree +-- pify@2.3.0
143 silly currentTree +-- pop-iterate@1.0.1
143 silly currentTree +-- process-nextick-args@1.0.7
143 silly currentTree +-- promise@7.3.1
143 silly currentTree +-- proto-list@1.2.4
143 silly currentTree +-- proxy-addr@2.0.2
143 silly currentTree +-- pseudomap@1.0.2
143 silly currentTree +-- punycode@1.4.1
143 silly currentTree +-- q@2.0.3
143 silly currentTree +-- qs@6.5.1
143 silly currentTree +-- range-parser@1.2.0
143 silly currentTree +-- raw-body@2.3.2
143 silly currentTree +-- read-pkg-up@2.0.0
143 silly currentTree +-- read-pkg@2.0.0
143 silly currentTree +-- readable-stream@2.3.3
143 silly currentTree +-- redeyed@1.0.1
143 silly currentTree +-- regenerator-runtime@0.11.0
143 silly currentTree +-- regex@0.1.1
143 silly currentTree +-- repeat-string@1.6.1
143 silly currentTree +-- request@2.83.0
143 silly currentTree +-- require-directory@2.1.1
143 silly currentTree +-- require-main-filename@1.0.1
143 silly currentTree +-- resolve@1.4.0
143 silly currentTree +-- retry-as-promised@2.3.1
143 silly currentTree +-- right-align@0.1.3
143 silly currentTree +-- rootpath@0.1.2
143 silly currentTree +-- safe-buffer@5.1.1
143 silly currentTree +-- scmp@0.0.3
143 silly currentTree +-- semver@5.4.1
143 silly currentTree +-- send@0.16.1
143 silly currentTree +-- seq-queue@0.0.5
143 silly currentTree +-- sequelize-cli@3.0.0
143 silly currentTree | +-- camelcase@4.1.0
143 silly currentTree | +-- cliui@3.2.0
143 silly currentTree | | `-- string-width@1.0.2
143 silly currentTree | `-- yargs@8.0.2
143 silly currentTree +-- sequelize@4.13.8
143 silly currentTree | `-- debug@3.1.0
143 silly currentTree +-- serve-static@1.13.1
143 silly currentTree +-- set-blocking@2.0.0
143 silly currentTree +-- setprototypeof@1.0.3
143 silly currentTree +-- shebang-command@1.2.0
143 silly currentTree +-- shebang-regex@1.0.0
143 silly currentTree +-- shimmer@1.1.0
143 silly currentTree +-- sigmund@1.0.1
143 silly currentTree +-- signal-exit@3.0.2
143 silly currentTree +-- sntp@2.0.2
143 silly currentTree | `-- hoek@4.2.0
143 silly currentTree +-- sorted-array@1.1.0
143 silly currentTree +-- source-map@0.4.4
143 silly currentTree +-- spdx-correct@1.0.2
143 silly currentTree +-- spdx-expression-parse@1.0.4
143 silly currentTree +-- spdx-license-ids@1.2.2
143 silly currentTree +-- spellchecker
143 silly currentTree +-- sqlstring@2.3.0
143 silly currentTree +-- sshpk@1.13.1
143 silly currentTree +-- statemachines@0.1.0
143 silly currentTree +-- statuses@1.3.1
143 silly currentTree +-- stopword@0.1.8
143 silly currentTree +-- stream-transform@0.1.2
143 silly currentTree +-- string_decoder@1.0.3
143 silly currentTree +-- string-similarity@1.2.0
143 silly currentTree +-- string-width@2.1.1
143 silly currentTree | +-- ansi-regex@3.0.0
143 silly currentTree | +-- is-fullwidth-code-point@2.0.0
143 silly currentTree | `-- strip-ansi@4.0.0
143 silly currentTree +-- stringstream@0.0.5
143 silly currentTree +-- strip-ansi@3.0.1
143 silly currentTree +-- strip-bom@3.0.0
143 silly currentTree +-- strip-eof@1.0.0
143 silly currentTree +-- supports-color@4.4.0
143 silly currentTree +-- terraformer-wkt-parser@1.1.2
143 silly currentTree +-- terraformer@1.0.8
143 silly currentTree +-- timers-ext@0.1.2
143 silly currentTree +-- topo@1.1.0
143 silly currentTree | `-- hoek@2.16.3
143 silly currentTree +-- toposort-class@1.0.1
143 silly currentTree +-- tough-cookie@2.3.3
143 silly currentTree +-- tunnel-agent@0.6.0
143 silly currentTree +-- tweetnacl@0.14.5
143 silly currentTree +-- twilio@3.8.0
143 silly currentTree | +-- ajv@4.11.8
143 silly currentTree | +-- assert-plus@0.2.0
143 silly currentTree | +-- aws-sign2@0.6.0
143 silly currentTree | +-- boom@2.10.1
143 silly currentTree | +-- cryptiles@2.0.5
143 silly currentTree | +-- form-data@2.1.4
143 silly currentTree | +-- har-schema@1.0.5
143 silly currentTree | +-- har-validator@4.2.1
143 silly currentTree | +-- hawk@3.1.3
143 silly currentTree | +-- hoek@2.16.3
143 silly currentTree | +-- http-signature@1.1.1
143 silly currentTree | +-- lodash@4.0.0
143 silly currentTree | +-- moment@2.18.1
143 silly currentTree | +-- performance-now@0.2.0
143 silly currentTree | +-- qs@6.4.0
143 silly currentTree | +-- request@2.81.0
143 silly currentTree | `-- sntp@1.0.9
143 silly currentTree +-- twitter@1.7.1
143 silly currentTree +-- type-detect@4.0.3
143 silly currentTree +-- type-is@1.6.15
143 silly currentTree +-- uglify-js@2.8.29
143 silly currentTree | `-- source-map@0.5.7
143 silly currentTree +-- uglify-to-browserify@1.0.2
143 silly currentTree +-- umzug@2.0.1
143 silly currentTree +-- underscore@1.6.0
143 silly currentTree +-- universalify@0.1.1
143 silly currentTree +-- unpipe@1.0.0
143 silly currentTree +-- util-deprecate@1.0.2
143 silly currentTree +-- util-extend@1.0.3
143 silly currentTree +-- utils-merge@1.0.1
143 silly currentTree +-- uuid@3.1.0
143 silly currentTree +-- validate-npm-package-license@3.0.1
143 silly currentTree +-- validator@8.2.0
143 silly currentTree +-- vary@1.1.2
143 silly currentTree +-- verror@1.10.0
143 silly currentTree +-- weak-map@1.0.5
143 silly currentTree +-- which-module@2.0.0
143 silly currentTree +-- which@1.3.0
143 silly currentTree +-- window-size@0.1.0
143 silly currentTree +-- wink-porter2-stemmer@1.0.7
143 silly currentTree +-- wkx@0.4.2
143 silly currentTree +-- words-to-numbers@1.3.1
143 silly currentTree +-- wordwrap@0.0.3
143 silly currentTree +-- wrap-ansi@2.1.0
143 silly currentTree | `-- string-width@1.0.2
143 silly currentTree +-- wrappy@1.0.2
143 silly currentTree +-- xmlbuilder@9.0.1
143 silly currentTree +-- xtend@4.0.1
143 silly currentTree +-- y18n@3.2.1
143 silly currentTree +-- yallist@2.1.2
143 silly currentTree +-- yargs-parser@7.0.0
143 silly currentTree | `-- camelcase@4.1.0
143 silly currentTree `-- yargs@3.10.0
144 silly idealTree hal-bot@1.0.0
144 silly idealTree +-- @types/geojson@1.0.4
144 silly idealTree +-- @types/node@8.0.34
144 silly idealTree +-- abbrev@1.1.1
144 silly idealTree +-- accepts@1.3.4
144 silly idealTree +-- ajv@5.2.3
144 silly idealTree +-- align-text@0.1.4
144 silly idealTree +-- amdefine@1.0.1
144 silly idealTree +-- ansi-regex@2.1.1
144 silly idealTree +-- ansicolors@0.2.1
144 silly idealTree +-- any-promise@1.3.0
144 silly idealTree +-- array-flatten@1.1.1
144 silly idealTree +-- asap@2.0.6
144 silly idealTree +-- asn1@0.2.3
144 silly idealTree +-- assert-plus@1.0.0
144 silly idealTree +-- assertion-error@1.0.2
144 silly idealTree +-- async@1.5.2
144 silly idealTree +-- asynckit@0.4.0
144 silly idealTree +-- augment@3.2.1
144 silly idealTree +-- aws-sign2@0.7.0
144 silly idealTree +-- aws4@1.6.0
144 silly idealTree +-- babel-runtime@6.26.0
144 silly idealTree +-- balanced-match@1.0.0
144 silly idealTree +-- base64url@2.0.0
144 silly idealTree +-- bcrypt-pbkdf@1.0.1
144 silly idealTree +-- bignumber.js@4.0.4
144 silly idealTree +-- bluebird@3.5.1
144 silly idealTree +-- body-parser@1.18.2
144 silly idealTree | `-- qs@6.5.1
144 silly idealTree +-- boom@4.3.1
144 silly idealTree | `-- hoek@4.2.0
144 silly idealTree +-- brace-expansion@1.1.8
144 silly idealTree +-- browser-stdout@1.3.0
144 silly idealTree +-- buffer-equal-constant-time@1.0.1
144 silly idealTree +-- builtin-modules@1.1.1
144 silly idealTree +-- bytes@3.0.0
144 silly idealTree +-- camelcase@1.2.1
144 silly idealTree +-- cardinal@1.0.0
144 silly idealTree +-- caseless@0.12.0
144 silly idealTree +-- celebs@0.1.1
144 silly idealTree +-- center-align@0.1.3
144 silly idealTree +-- chai@4.1.2
144 silly idealTree +-- check-error@1.0.2
144 silly idealTree +-- cli-color@1.2.0
144 silly idealTree +-- cliui@2.1.0
144 silly idealTree | `-- wordwrap@0.0.2
144 silly idealTree +-- clj-fuzzy@0.3.3
144 silly idealTree +-- cls-bluebird@2.0.1
144 silly idealTree +-- co@4.6.0
144 silly idealTree +-- code-point-at@1.1.0
144 silly idealTree +-- colors@0.5.1
144 silly idealTree +-- combined-stream@1.0.5
144 silly idealTree +-- commander@2.11.0
144 silly idealTree +-- concat-map@0.0.1
144 silly idealTree +-- config-chain@1.1.11
144 silly idealTree +-- content-disposition@0.5.2
144 silly idealTree +-- content-type@1.0.4
144 silly idealTree +-- cookie-signature@1.0.6
144 silly idealTree +-- cookie@0.3.1
144 silly idealTree +-- core-js@2.5.1
144 silly idealTree +-- core-util-is@1.0.2
144 silly idealTree +-- cross-spawn@5.1.0
144 silly idealTree +-- cryptiles@3.1.2
144 silly idealTree | +-- boom@5.2.0
144 silly idealTree | `-- hoek@4.2.0
144 silly idealTree +-- csv-generate@1.0.0
144 silly idealTree +-- csv-parse@1.2.4
144 silly idealTree +-- csv-stringify@1.0.4
144 silly idealTree +-- csv@1.1.1
144 silly idealTree +-- d@1.0.0
144 silly idealTree +-- dashdash@1.14.1
144 silly idealTree +-- debug@2.6.9
144 silly idealTree +-- decamelize@1.2.0
144 silly idealTree +-- deep-eql@3.0.1
144 silly idealTree +-- deep-extend@0.5.0
144 silly idealTree +-- define-properties@1.1.2
144 silly idealTree +-- delayed-stream@1.0.0
144 silly idealTree +-- denque@1.2.2
144 silly idealTree +-- depd@1.1.1
144 silly idealTree +-- deprecate@1.0.0
144 silly idealTree +-- destroy@1.0.4
144 silly idealTree +-- diff@3.3.1
144 silly idealTree +-- dottie@2.0.0
144 silly idealTree +-- ebnf-parser@0.1.10
144 silly idealTree +-- ecc-jsbn@0.1.1
144 silly idealTree +-- ecdsa-sig-formatter@1.0.9
144 silly idealTree +-- editorconfig@0.13.3
144 silly idealTree | `-- lru-cache@3.2.0
144 silly idealTree +-- ee-first@1.1.1
144 silly idealTree +-- encodeurl@1.0.1
144 silly idealTree +-- error-ex@1.3.1
144 silly idealTree +-- es5-ext@0.10.31
144 silly idealTree +-- es6-iterator@2.0.1
144 silly idealTree +-- es6-symbol@3.1.1
144 silly idealTree +-- es6-weak-map@2.0.2
144 silly idealTree +-- escape-html@1.0.3
144 silly idealTree +-- escape-string-regexp@1.0.5
144 silly idealTree +-- escodegen@0.0.21
144 silly idealTree | `-- esprima@1.0.4
144 silly idealTree +-- esprima@3.0.0
144 silly idealTree +-- estraverse@0.0.4
144 silly idealTree +-- etag@1.8.1
144 silly idealTree +-- event-emitter@0.3.5
144 silly idealTree +-- execa@0.7.0
144 silly idealTree +-- express-handlebars@3.0.0
144 silly idealTree +-- express@4.16.2
144 silly idealTree | +-- qs@6.5.1
144 silly idealTree | `-- setprototypeof@1.1.0
144 silly idealTree +-- extend@3.0.1
144 silly idealTree +-- extsprintf@1.3.0
144 silly idealTree +-- fast-deep-equal@1.0.0
144 silly idealTree +-- finalhandler@1.1.0
144 silly idealTree +-- find-up@2.1.0
144 silly idealTree +-- foreach@2.0.5
144 silly idealTree +-- forever-agent@0.6.1
144 silly idealTree +-- form-data@2.3.1
144 silly idealTree +-- forwarded@0.1.2
144 silly idealTree +-- fresh@0.5.2
144 silly idealTree +-- fs-extra@4.0.2
144 silly idealTree +-- fs.realpath@1.0.0
144 silly idealTree +-- function-bind@1.1.1
144 silly idealTree +-- generate-function@2.0.0
144 silly idealTree +-- generic-pool@3.1.8
144 silly idealTree +-- get-caller-file@1.0.2
144 silly idealTree +-- get-func-name@2.0.0
144 silly idealTree +-- get-stream@3.0.0
144 silly idealTree +-- getpass@0.1.7
144 silly idealTree +-- glob@6.0.4
144 silly idealTree +-- graceful-fs@4.1.11
144 silly idealTree +-- growl@1.10.3
144 silly idealTree +-- handlebars@4.0.10
144 silly idealTree +-- har-schema@2.0.0
144 silly idealTree +-- har-validator@5.0.3
144 silly idealTree +-- has-flag@2.0.0
144 silly idealTree +-- hawk@6.0.2
144 silly idealTree | `-- hoek@4.2.0
144 silly idealTree +-- he@1.1.1
144 silly idealTree +-- hoek@4.2.0
144 silly idealTree +-- hosted-git-info@2.5.0
144 silly idealTree +-- http-errors@1.6.2
144 silly idealTree +-- http-signature@1.2.0
144 silly idealTree +-- humanparser@1.5.0
144 silly idealTree +-- iconv-lite@0.4.19
144 silly idealTree +-- inflection@1.12.0
144 silly idealTree +-- inflight@1.0.6
144 silly idealTree +-- inherits@2.0.3
144 silly idealTree +-- ini@1.3.4
144 silly idealTree +-- invert-kv@1.0.0
144 silly idealTree +-- ipaddr.js@1.5.2
144 silly idealTree +-- is-arrayish@0.2.1
144 silly idealTree +-- is-bluebird@1.0.2
144 silly idealTree +-- is-buffer@1.1.5
144 silly idealTree +-- is-builtin-module@1.0.0
144 silly idealTree +-- is-fullwidth-code-point@1.0.0
144 silly idealTree +-- is-promise@2.1.0
144 silly idealTree +-- is-stream@1.1.0
144 silly idealTree +-- is-typedarray@1.0.0
144 silly idealTree +-- is@3.2.1
144 silly idealTree +-- isarray@1.0.0
144 silly idealTree +-- isemail@1.2.0
144 silly idealTree +-- isexe@2.0.0
144 silly idealTree +-- isstream@0.1.2
144 silly idealTree +-- its-set@1.2.1
144 silly idealTree +-- jison-lex@0.2.1
144 silly idealTree +-- jison@0.4.4
144 silly idealTree | `-- esprima@1.0.4
144 silly idealTree +-- joi@6.10.1
144 silly idealTree | `-- hoek@2.16.3
144 silly idealTree +-- js-beautify@1.7.4
144 silly idealTree +-- js-levenshtein@1.1.3
144 silly idealTree +-- jsbn@0.1.1
144 silly idealTree +-- json-schema-traverse@0.3.1
144 silly idealTree +-- json-schema@0.2.3
144 silly idealTree +-- json-stable-stringify@1.0.1
144 silly idealTree +-- json-stringify-safe@5.0.1
144 silly idealTree +-- jsonfile@4.0.0
144 silly idealTree +-- jsonify@0.0.0
144 silly idealTree +-- JSONSelect@0.4.0
144 silly idealTree +-- jsonwebtoken@7.4.3
144 silly idealTree +-- jsprim@1.4.1
144 silly idealTree +-- jwa@1.1.5
144 silly idealTree +-- jws@3.1.4
144 silly idealTree +-- kind-of@3.2.2
144 silly idealTree +-- lazy-cache@1.0.4
144 silly idealTree +-- lcid@1.0.0
144 silly idealTree +-- lex-parser@0.1.4
144 silly idealTree +-- lex@1.7.4
144 silly idealTree +-- load-json-file@2.0.0
144 silly idealTree +-- locate-path@2.0.0
144 silly idealTree +-- lodash.get@4.4.2
144 silly idealTree +-- lodash.once@4.1.1
144 silly idealTree +-- lodash@4.17.4
144 silly idealTree +-- long@3.2.0
144 silly idealTree +-- longest@1.0.1
144 silly idealTree +-- lru-cache@4.1.1
144 silly idealTree +-- lru-queue@0.1.0
144 silly idealTree +-- media-typer@0.3.0
144 silly idealTree +-- mem@1.1.0
144 silly idealTree +-- memoizee@0.4.11
144 silly idealTree +-- merge-descriptors@1.0.1
144 silly idealTree +-- method-override@2.3.10
144 silly idealTree +-- methods@1.1.2
144 silly idealTree +-- mime-db@1.30.0
144 silly idealTree +-- mime-types@2.1.17
144 silly idealTree +-- mime@1.4.1
144 silly idealTree +-- mimic-fn@1.1.0
144 silly idealTree +-- minimatch@3.0.4
144 silly idealTree +-- minimist@0.0.10
144 silly idealTree +-- mkdirp@0.5.1
144 silly idealTree | `-- minimist@0.0.8
144 silly idealTree +-- mocha@4.0.1
144 silly idealTree | +-- debug@3.1.0
144 silly idealTree | `-- glob@7.1.2
144 silly idealTree +-- moment-timezone@0.5.13
144 silly idealTree +-- moment@2.19.0
144 silly idealTree +-- ms@2.0.0
144 silly idealTree +-- mysql@2.15.0
144 silly idealTree +-- mysql2@1.4.2
144 silly idealTree | `-- readable-stream@2.3.2
144 silly idealTree +-- named-placeholders@1.1.1
144 silly idealTree | `-- lru-cache@2.5.0
144 silly idealTree +-- nan@2.7.0
144 silly idealTree +-- negotiator@0.6.1
144 silly idealTree +-- next-tick@1.0.0
144 silly idealTree +-- nomnom@1.5.2
144 silly idealTree | `-- underscore@1.1.7
144 silly idealTree +-- nopt@3.0.6
144 silly idealTree +-- normalize-package-data@2.4.0
144 silly idealTree +-- npm-run-path@2.0.2
144 silly idealTree +-- number-is-nan@1.0.1
144 silly idealTree +-- oauth-sign@0.8.2
144 silly idealTree +-- object-assign@4.1.1
144 silly idealTree +-- object-keys@1.0.11
144 silly idealTree +-- object.assign@4.0.4
144 silly idealTree +-- ohm-js@0.13.1
144 silly idealTree +-- on-finished@2.3.0
144 silly idealTree +-- once@1.4.0
144 silly idealTree +-- optimist@0.6.1
144 silly idealTree +-- os-locale@2.1.0
144 silly idealTree +-- p-finally@1.0.0
144 silly idealTree +-- p-limit@1.1.0
144 silly idealTree +-- p-locate@2.0.0
144 silly idealTree +-- parse-json@2.2.0
144 silly idealTree +-- parseurl@1.3.2
144 silly idealTree +-- path-exists@3.0.0
144 silly idealTree +-- path-is-absolute@1.0.1
144 silly idealTree +-- path-key@2.0.1
144 silly idealTree +-- path-parse@1.0.5
144 silly idealTree +-- path-to-regexp@0.1.7
144 silly idealTree +-- path-type@2.0.0
144 silly idealTree +-- pathval@1.1.0
144 silly idealTree +-- performance-now@2.1.0
144 silly idealTree +-- pify@2.3.0
144 silly idealTree +-- pop-iterate@1.0.1
144 silly idealTree +-- process-nextick-args@1.0.7
144 silly idealTree +-- promise@7.3.1
144 silly idealTree +-- proto-list@1.2.4
144 silly idealTree +-- proxy-addr@2.0.2
144 silly idealTree +-- pseudomap@1.0.2
144 silly idealTree +-- punycode@1.4.1
144 silly idealTree +-- q@2.0.3
144 silly idealTree +-- qs@6.5.1
144 silly idealTree +-- range-parser@1.2.0
144 silly idealTree +-- raw-body@2.3.2
144 silly idealTree +-- read-pkg-up@2.0.0
144 silly idealTree +-- read-pkg@2.0.0
144 silly idealTree +-- readable-stream@2.3.3
144 silly idealTree +-- redeyed@1.0.1
144 silly idealTree +-- regenerator-runtime@0.11.0
144 silly idealTree +-- regex@0.1.1
144 silly idealTree +-- repeat-string@1.6.1
144 silly idealTree +-- request@2.83.0
144 silly idealTree +-- require-directory@2.1.1
144 silly idealTree +-- require-main-filename@1.0.1
144 silly idealTree +-- resolve@1.4.0
144 silly idealTree +-- retry-as-promised@2.3.1
144 silly idealTree +-- right-align@0.1.3
144 silly idealTree +-- rootpath@0.1.2
144 silly idealTree +-- safe-buffer@5.1.1
144 silly idealTree +-- scmp@0.0.3
144 silly idealTree +-- semver@5.4.1
144 silly idealTree +-- send@0.16.1
144 silly idealTree +-- seq-queue@0.0.5
144 silly idealTree +-- sequelize-cli@3.0.0
144 silly idealTree | +-- camelcase@4.1.0
144 silly idealTree | +-- cliui@3.2.0
144 silly idealTree | | `-- string-width@1.0.2
144 silly idealTree | `-- yargs@8.0.2
144 silly idealTree +-- sequelize@4.13.8
144 silly idealTree | `-- debug@3.1.0
144 silly idealTree +-- serve-static@1.13.1
144 silly idealTree +-- set-blocking@2.0.0
144 silly idealTree +-- setprototypeof@1.0.3
144 silly idealTree +-- shebang-command@1.2.0
144 silly idealTree +-- shebang-regex@1.0.0
144 silly idealTree +-- shimmer@1.1.0
144 silly idealTree +-- sigmund@1.0.1
144 silly idealTree +-- signal-exit@3.0.2
144 silly idealTree +-- sntp@2.0.2
144 silly idealTree | `-- hoek@4.2.0
144 silly idealTree +-- sorted-array@1.1.0
144 silly idealTree +-- source-map@0.4.4
144 silly idealTree +-- spdx-correct@1.0.2
144 silly idealTree +-- spdx-expression-parse@1.0.4
144 silly idealTree +-- spdx-license-ids@1.2.2
144 silly idealTree +-- spellchecker@3.4.4
144 silly idealTree +-- sqlstring@2.3.0
144 silly idealTree +-- sshpk@1.13.1
144 silly idealTree +-- statemachines@0.1.0
144 silly idealTree +-- statuses@1.3.1
144 silly idealTree +-- stopword@0.1.8
144 silly idealTree +-- stream-transform@0.1.2
144 silly idealTree +-- string_decoder@1.0.3
144 silly idealTree +-- string-similarity@1.2.0
144 silly idealTree +-- string-width@2.1.1
144 silly idealTree | +-- ansi-regex@3.0.0
144 silly idealTree | +-- is-fullwidth-code-point@2.0.0
144 silly idealTree | `-- strip-ansi@4.0.0
144 silly idealTree +-- stringstream@0.0.5
144 silly idealTree +-- strip-ansi@3.0.1
144 silly idealTree +-- strip-bom@3.0.0
144 silly idealTree +-- strip-eof@1.0.0
144 silly idealTree +-- supports-color@4.4.0
144 silly idealTree +-- terraformer-wkt-parser@1.1.2
144 silly idealTree +-- terraformer@1.0.8
144 silly idealTree +-- timers-ext@0.1.2
144 silly idealTree +-- topo@1.1.0
144 silly idealTree | `-- hoek@2.16.3
144 silly idealTree +-- toposort-class@1.0.1
144 silly idealTree +-- tough-cookie@2.3.3
144 silly idealTree +-- tunnel-agent@0.6.0
144 silly idealTree +-- tweetnacl@0.14.5
144 silly idealTree +-- twilio@3.8.0
144 silly idealTree | +-- ajv@4.11.8
144 silly idealTree | +-- assert-plus@0.2.0
144 silly idealTree | +-- aws-sign2@0.6.0
144 silly idealTree | +-- boom@2.10.1
144 silly idealTree | +-- cryptiles@2.0.5
144 silly idealTree | +-- form-data@2.1.4
144 silly idealTree | +-- har-schema@1.0.5
144 silly idealTree | +-- har-validator@4.2.1
144 silly idealTree | +-- hawk@3.1.3
144 silly idealTree | +-- hoek@2.16.3
144 silly idealTree | +-- http-signature@1.1.1
144 silly idealTree | +-- lodash@4.0.0
144 silly idealTree | +-- moment@2.18.1
144 silly idealTree | +-- performance-now@0.2.0
144 silly idealTree | +-- qs@6.4.0
144 silly idealTree | +-- request@2.81.0
144 silly idealTree | `-- sntp@1.0.9
144 silly idealTree +-- twitter@1.7.1
144 silly idealTree +-- type-detect@4.0.3
144 silly idealTree +-- type-is@1.6.15
144 silly idealTree +-- uglify-js@2.8.29
144 silly idealTree | `-- source-map@0.5.7
144 silly idealTree +-- uglify-to-browserify@1.0.2
144 silly idealTree +-- umzug@2.0.1
144 silly idealTree +-- underscore@1.6.0
144 silly idealTree +-- universalify@0.1.1
144 silly idealTree +-- unpipe@1.0.0
144 silly idealTree +-- util-deprecate@1.0.2
144 silly idealTree +-- util-extend@1.0.3
144 silly idealTree +-- utils-merge@1.0.1
144 silly idealTree +-- uuid@3.1.0
144 silly idealTree +-- validate-npm-package-license@3.0.1
144 silly idealTree +-- validator@8.2.0
144 silly idealTree +-- vary@1.1.2
144 silly idealTree +-- verror@1.10.0
144 silly idealTree +-- weak-map@1.0.5
144 silly idealTree +-- which-module@2.0.0
144 silly idealTree +-- which@1.3.0
144 silly idealTree +-- window-size@0.1.0
144 silly idealTree +-- wink-porter2-stemmer@1.0.7
144 silly idealTree +-- wkx@0.4.2
144 silly idealTree +-- words-to-numbers@1.3.1
144 silly idealTree +-- wordwrap@0.0.3
144 silly idealTree +-- wrap-ansi@2.1.0
144 silly idealTree | `-- string-width@1.0.2
144 silly idealTree +-- wrappy@1.0.2
144 silly idealTree +-- xmlbuilder@9.0.1
144 silly idealTree +-- xtend@4.0.1
144 silly idealTree +-- y18n@3.2.1
144 silly idealTree +-- yallist@2.1.2
144 silly idealTree +-- yargs-parser@7.0.0
144 silly idealTree | `-- camelcase@4.1.0
144 silly idealTree `-- yargs@3.10.0
145 silly generateActionsToTake Starting
146 silly install generateActionsToTake
147 silly generateActionsToTake Finishing
148 silly diffTrees action count 3
149 silly diffTrees add any-promise@1.3.0
150 silly diffTrees add nan@2.7.0
151 silly diffTrees update spellchecker@3.4.4
152 silly decomposeActions action count 25
153 silly decomposeActions fetch any-promise@1.3.0
154 silly decomposeActions extract any-promise@1.3.0
155 silly decomposeActions test any-promise@1.3.0
156 silly decomposeActions preinstall any-promise@1.3.0
157 silly decomposeActions build any-promise@1.3.0
158 silly decomposeActions install any-promise@1.3.0
159 silly decomposeActions postinstall any-promise@1.3.0
160 silly decomposeActions finalize any-promise@1.3.0
161 silly decomposeActions fetch nan@2.7.0
162 silly decomposeActions extract nan@2.7.0
163 silly decomposeActions test nan@2.7.0
164 silly decomposeActions preinstall nan@2.7.0
165 silly decomposeActions build nan@2.7.0
166 silly decomposeActions install nan@2.7.0
167 silly decomposeActions postinstall nan@2.7.0
168 silly decomposeActions finalize nan@2.7.0
169 silly decomposeActions remove spellchecker@3.4.4
170 silly decomposeActions fetch spellchecker@3.4.4
171 silly decomposeActions extract spellchecker@3.4.4
172 silly decomposeActions test spellchecker@3.4.4
173 silly decomposeActions preinstall spellchecker@3.4.4
174 silly decomposeActions build spellchecker@3.4.4
175 silly decomposeActions install spellchecker@3.4.4
176 silly decomposeActions postinstall spellchecker@3.4.4
177 silly decomposeActions finalize spellchecker@3.4.4
178 silly runTopLevelLifecycles Starting
179 silly executeActions Starting
180 silly install executeActions
181 silly doSerial global-install 0
182 silly doParallel fetch 3
183 verbose correctMkdir C:\Users\Anteater\AppData\Roaming\npm-cache\_locks correctMkdir not in flight; initializing
184 verbose lock using C:\Users\Anteater\AppData\Roaming\npm-cache\_locks\staging-a5a6fdd774b4d332.lock for C:\Users\Anteater\OneDrive\UCI Coding\Homework\hal-bot\node_modules\.staging
185 silly doParallel extract 3
186 silly extract any-promise@1.3.0
187 silly extract nan@2.7.0
188 silly extract spellchecker@3.4.4
189 verbose unbuild node_modules\.staging\any-promise-83a08582
190 verbose unbuild node_modules\.staging\nan-085f296e
191 verbose unbuild node_modules\.staging\spellchecker-8016dff7
192 silly gentlyRm C:\Users\Anteater\OneDrive\UCI Coding\Homework\hal-bot\node_modules\.staging\nan-085f296e is being purged from base C:\Users\Anteater\OneDrive\UCI Coding\Homework\hal-bot
193 verbose gentlyRm don't care about contents; nuking C:\Users\Anteater\OneDrive\UCI Coding\Homework\hal-bot\node_modules\.staging\nan-085f296e
194 silly gentlyRm C:\Users\Anteater\OneDrive\UCI Coding\Homework\hal-bot\node_modules\.staging\any-promise-83a08582 is being purged from base C:\Users\Anteater\OneDrive\UCI Coding\Homework\hal-bot
195 verbose gentlyRm don't care about contents; nuking C:\Users\Anteater\OneDrive\UCI Coding\Homework\hal-bot\node_modules\.staging\any-promise-83a08582
196 silly gentlyRm C:\Users\Anteater\OneDrive\UCI Coding\Homework\hal-bot\node_modules\.staging\spellchecker-8016dff7 is being purged from base C:\Users\Anteater\OneDrive\UCI Coding\Homework\hal-bot
197 verbose gentlyRm don't care about contents; nuking C:\Users\Anteater\OneDrive\UCI Coding\Homework\hal-bot\node_modules\.staging\spellchecker-8016dff7
198 verbose tar unpack C:\Users\Anteater\AppData\Roaming\npm-cache\nan\2.7.0\package.tgz
199 verbose tar unpacking to C:\Users\Anteater\OneDrive\UCI Coding\Homework\hal-bot\node_modules\.staging\nan-085f296e
200 silly gentlyRm C:\Users\Anteater\OneDrive\UCI Coding\Homework\hal-bot\node_modules\.staging\nan-085f296e is being purged
201 verbose gentlyRm don't care about contents; nuking C:\Users\Anteater\OneDrive\UCI Coding\Homework\hal-bot\node_modules\.staging\nan-085f296e
202 verbose tar unpack C:\Users\Anteater\AppData\Roaming\npm-cache\any-promise\1.3.0\package.tgz
203 verbose tar unpacking to C:\Users\Anteater\OneDrive\UCI Coding\Homework\hal-bot\node_modules\.staging\any-promise-83a08582
204 silly gentlyRm C:\Users\Anteater\OneDrive\UCI Coding\Homework\hal-bot\node_modules\.staging\any-promise-83a08582 is being purged
205 verbose gentlyRm don't care about contents; nuking C:\Users\Anteater\OneDrive\UCI Coding\Homework\hal-bot\node_modules\.staging\any-promise-83a08582
206 verbose tar unpack C:\Users\Anteater\AppData\Roaming\npm-cache\spellchecker\3.4.4\package.tgz
207 verbose tar unpacking to C:\Users\Anteater\OneDrive\UCI Coding\Homework\hal-bot\node_modules\.staging\spellchecker-8016dff7
208 silly gentlyRm C:\Users\Anteater\OneDrive\UCI Coding\Homework\hal-bot\node_modules\.staging\spellchecker-8016dff7 is being purged
209 verbose gentlyRm don't care about contents; nuking C:\Users\Anteater\OneDrive\UCI Coding\Homework\hal-bot\node_modules\.staging\spellchecker-8016dff7
210 silly gunzTarPerm modes [ '777', '666' ]
211 silly gunzTarPerm modes [ '777', '666' ]
212 silly gunzTarPerm modes [ '777', '666' ]
213 silly gunzTarPerm extractEntry package.json
214 silly gunzTarPerm modified mode [ 'package.json', 436, 438 ]
215 silly gunzTarPerm extractEntry package.json
216 silly gunzTarPerm modified mode [ 'package.json', 436, 438 ]
217 silly gunzTarPerm extractEntry package.json
218 silly gunzTarPerm extractEntry README.md
219 silly gunzTarPerm modified mode [ 'README.md', 436, 438 ]
220 silly gunzTarPerm extractEntry .npmignore
221 silly gunzTarPerm modified mode [ '.npmignore', 436, 438 ]
222 silly gunzTarPerm extractEntry README.md
223 silly gunzTarPerm modified mode [ 'README.md', 436, 438 ]
224 silly gunzTarPerm extractEntry binding.gyp
225 silly gunzTarPerm extractEntry LICENSE.md
226 silly gunzTarPerm extractEntry include_dirs.js
227 silly gunzTarPerm modified mode [ 'include_dirs.js', 436, 438 ]
228 silly gunzTarPerm extractEntry LICENSE
229 silly gunzTarPerm modified mode [ 'LICENSE', 436, 438 ]
230 silly gunzTarPerm extractEntry index.js
231 silly gunzTarPerm modified mode [ 'index.js', 436, 438 ]
232 silly gunzTarPerm extractEntry nan_converters_43_inl.h
233 silly gunzTarPerm modified mode [ 'nan_converters_43_inl.h', 436, 438 ]
234 silly gunzTarPerm extractEntry LICENSE.md
235 silly gunzTarPerm modified mode [ 'LICENSE.md', 436, 438 ]
236 silly gunzTarPerm extractEntry doc/new.md
237 silly gunzTarPerm modified mode [ 'doc/new.md', 436, 438 ]
238 silly gunzTarPerm extractEntry doc/asyncworker.md
239 silly gunzTarPerm modified mode [ 'doc/asyncworker.md', 436, 438 ]
240 silly gunzTarPerm extractEntry implementation.js
241 silly gunzTarPerm modified mode [ 'implementation.js', 436, 438 ]
242 silly gunzTarPerm extractEntry loader.js
243 silly gunzTarPerm modified mode [ 'loader.js', 436, 438 ]
244 silly gunzTarPerm extractEntry README.md
245 silly gunzTarPerm extractEntry lib/spellchecker.js
246 silly gunzTarPerm extractEntry doc/callback.md
247 silly gunzTarPerm modified mode [ 'doc/callback.md', 436, 438 ]
248 silly gunzTarPerm extractEntry doc/converters.md
249 silly gunzTarPerm modified mode [ 'doc/converters.md', 436, 438 ]
250 silly gunzTarPerm extractEntry doc/errors.md
251 silly gunzTarPerm modified mode [ 'doc/errors.md', 436, 438 ]
252 silly gunzTarPerm extractEntry doc/json.md
253 silly gunzTarPerm modified mode [ 'doc/json.md', 436, 438 ]
254 silly gunzTarPerm extractEntry src/main.cc
255 silly gunzTarPerm extractEntry src/spellchecker_hunspell.cc
256 silly gunzTarPerm extractEntry optional.js
257 silly gunzTarPerm modified mode [ 'optional.js', 436, 438 ]
258 silly gunzTarPerm extractEntry doc/maybe_types.md
259 silly gunzTarPerm modified mode [ 'doc/maybe_types.md', 436, 438 ]
260 silly gunzTarPerm extractEntry doc/methods.md
261 silly gunzTarPerm modified mode [ 'doc/methods.md', 436, 438 ]
262 silly gunzTarPerm extractEntry register-shim.js
263 silly gunzTarPerm modified mode [ 'register-shim.js', 436, 438 ]
264 silly gunzTarPerm extractEntry register.js
265 silly gunzTarPerm modified mode [ 'register.js', 436, 438 ]
266 silly gunzTarPerm extractEntry src/spellchecker_hunspell.h
267 silly gunzTarPerm extractEntry src/spellchecker_linux.cc
268 silly gunzTarPerm extractEntry .jshintrc
269 silly gunzTarPerm modified mode [ '.jshintrc', 436, 438 ]
270 silly gunzTarPerm extractEntry implementation.d.ts
271 silly gunzTarPerm modified mode [ 'implementation.d.ts', 436, 438 ]
272 silly gunzTarPerm extractEntry doc/buffers.md
273 silly gunzTarPerm modified mode [ 'doc/buffers.md', 436, 438 ]
274 silly gunzTarPerm extractEntry doc/node_misc.md
275 silly gunzTarPerm modified mode [ 'doc/node_misc.md', 436, 438 ]
276 silly gunzTarPerm extractEntry src/spellchecker_mac.h
277 silly gunzTarPerm extractEntry src/spellchecker_mac.mm
278 silly gunzTarPerm extractEntry register/when.js
279 silly gunzTarPerm modified mode [ 'register/when.js', 436, 438 ]
280 silly gunzTarPerm extractEntry register/es6-promise.js
281 silly gunzTarPerm modified mode [ 'register/es6-promise.js', 436, 438 ]
282 silly gunzTarPerm extractEntry doc/object_wrappers.md
283 silly gunzTarPerm modified mode [ 'doc/object_wrappers.md', 436, 438 ]
284 silly gunzTarPerm extractEntry doc/persistent.md
285 silly gunzTarPerm modified mode [ 'doc/persistent.md', 436, 438 ]
286 silly gunzTarPerm extractEntry register/lie.js
287 silly gunzTarPerm modified mode [ 'register/lie.js', 436, 438 ]
288 silly gunzTarPerm extractEntry register/native-promise-only.js
289 silly gunzTarPerm modified mode [ 'register/native-promise-only.js', 436, 438 ]
290 silly gunzTarPerm extractEntry src/spellchecker_win.cc
291 silly gunzTarPerm extractEntry src/spellchecker_win.h
292 silly gunzTarPerm extractEntry register/pinkie.js
293 silly gunzTarPerm modified mode [ 'register/pinkie.js', 436, 438 ]
294 silly gunzTarPerm extractEntry register/bluebird.js
295 silly gunzTarPerm modified mode [ 'register/bluebird.js', 436, 438 ]
296 silly gunzTarPerm extractEntry doc/scopes.md
297 silly gunzTarPerm modified mode [ 'doc/scopes.md', 436, 438 ]
298 silly gunzTarPerm extractEntry doc/script.md
299 silly gunzTarPerm modified mode [ 'doc/script.md', 436, 438 ]
300 silly gunzTarPerm extractEntry src/spellchecker.h
301 silly gunzTarPerm extractEntry src/transcoder_posix.cc
302 silly gunzTarPerm extractEntry register/promise.js
303 silly gunzTarPerm modified mode [ 'register/promise.js', 436, 438 ]
304 silly gunzTarPerm extractEntry register/q.js
305 silly gunzTarPerm modified mode [ 'register/q.js', 436, 438 ]
306 silly gunzTarPerm extractEntry doc/string_bytes.md
307 silly gunzTarPerm modified mode [ 'doc/string_bytes.md', 436, 438 ]
308 silly gunzTarPerm extractEntry doc/v8_internals.md
309 silly gunzTarPerm modified mode [ 'doc/v8_internals.md', 436, 438 ]
310 silly gunzTarPerm extractEntry register/rsvp.js
311 silly gunzTarPerm modified mode [ 'register/rsvp.js', 436, 438 ]
312 silly gunzTarPerm extractEntry register/vow.js
313 silly gunzTarPerm modified mode [ 'register/vow.js', 436, 438 ]
314 silly gunzTarPerm extractEntry src/transcoder_win.cc
315 silly gunzTarPerm extractEntry src/transcoder.h
316 silly gunzTarPerm extractEntry register/es6-promise.d.ts
317 silly gunzTarPerm modified mode [ 'register/es6-promise.d.ts', 436, 438 ]
318 silly gunzTarPerm extractEntry register/native-promise-only.d.ts
319 silly gunzTarPerm modified mode [ 'register/native-promise-only.d.ts', 436, 438 ]
320 silly gunzTarPerm extractEntry register/q.d.ts
321 silly gunzTarPerm modified mode [ 'register/q.d.ts', 436, 438 ]
322 silly gunzTarPerm extractEntry register/bluebird.d.ts
323 silly gunzTarPerm modified mode [ 'register/bluebird.d.ts', 436, 438 ]
324 silly gunzTarPerm extractEntry src/worker.cc
325 silly gunzTarPerm extractEntry src/worker.h
326 silly gunzTarPerm extractEntry doc/v8_misc.md
327 silly gunzTarPerm modified mode [ 'doc/v8_misc.md', 436, 438 ]
328 silly gunzTarPerm extractEntry nan.h
329 silly gunzTarPerm modified mode [ 'nan.h', 436, 438 ]
330 silly gunzTarPerm extractEntry vendor/hunspell_dictionaries/en_US.aff
331 silly gunzTarPerm extractEntry vendor/hunspell_dictionaries/en_US.dic
332 silly gunzTarPerm extractEntry register/rsvp.d.ts
333 silly gunzTarPerm modified mode [ 'register/rsvp.d.ts', 436, 438 ]
334 silly gunzTarPerm extractEntry register/pinkie.d.ts
335 silly gunzTarPerm modified mode [ 'register/pinkie.d.ts', 436, 438 ]
336 silly gunzTarPerm extractEntry register/vow.d.ts
337 silly gunzTarPerm modified mode [ 'register/vow.d.ts', 436, 438 ]
338 silly gunzTarPerm extractEntry register/lie.d.ts
339 silly gunzTarPerm modified mode [ 'register/lie.d.ts', 436, 438 ]
340 silly gunzTarPerm extractEntry register/when.d.ts
341 silly gunzTarPerm modified mode [ 'register/when.d.ts', 436, 438 ]
342 silly gunzTarPerm extractEntry register/promise.d.ts
343 silly gunzTarPerm modified mode [ 'register/promise.d.ts', 436, 438 ]
344 silly gunzTarPerm extractEntry nan_callbacks.h
345 silly gunzTarPerm modified mode [ 'nan_callbacks.h', 436, 438 ]
346 silly gunzTarPerm extractEntry register.d.ts
347 silly gunzTarPerm modified mode [ 'register.d.ts', 436, 438 ]
348 silly gunzTarPerm extractEntry index.d.ts
349 silly gunzTarPerm modified mode [ 'index.d.ts', 436, 438 ]
350 silly gunzTarPerm extractEntry vendor/hunspell_dictionaries/README.txt
351 silly gunzTarPerm extractEntry nan_callbacks_12_inl.h
352 silly gunzTarPerm modified mode [ 'nan_callbacks_12_inl.h', 436, 438 ]
353 silly gunzTarPerm extractEntry nan_callbacks_pre_12_inl.h
354 silly gunzTarPerm modified mode [ 'nan_callbacks_pre_12_inl.h', 436, 438 ]
355 silly gunzTarPerm extractEntry nan_converters.h
356 silly gunzTarPerm modified mode [ 'nan_converters.h', 436, 438 ]
357 silly gunzTarPerm extractEntry vendor/hunspell/AUTHORS
358 silly gunzTarPerm extractEntry vendor/hunspell/BUGS
359 silly gunzTarPerm extractEntry nan_converters_pre_43_inl.h
360 silly gunzTarPerm modified mode [ 'nan_converters_pre_43_inl.h', 436, 438 ]
361 silly gunzTarPerm extractEntry nan_implementation_12_inl.h
362 silly gunzTarPerm modified mode [ 'nan_implementation_12_inl.h', 436, 438 ]
363 silly gunzTarPerm extractEntry nan_implementation_pre_12_inl.h
364 silly gunzTarPerm modified mode [ 'nan_implementation_pre_12_inl.h', 436, 438 ]
365 silly gunzTarPerm extractEntry nan_json.h
366 silly gunzTarPerm modified mode [ 'nan_json.h', 436, 438 ]
367 silly gunzTarPerm extractEntry vendor/hunspell/ChangeLog
368 silly gunzTarPerm extractEntry vendor/hunspell/COPYING
369 silly gunzTarPerm extractEntry nan_maybe_43_inl.h
370 silly gunzTarPerm modified mode [ 'nan_maybe_43_inl.h', 436, 438 ]
371 silly gunzTarPerm extractEntry vendor/hunspell/COPYING.LGPL
372 silly gunzTarPerm extractEntry vendor/hunspell/COPYING.MPL
373 silly gunzTarPerm extractEntry nan_maybe_pre_43_inl.h
374 silly gunzTarPerm modified mode [ 'nan_maybe_pre_43_inl.h', 436, 438 ]
375 silly gunzTarPerm extractEntry nan_new.h
376 silly gunzTarPerm modified mode [ 'nan_new.h', 436, 438 ]
377 silly gunzTarPerm extractEntry nan_object_wrap.h
378 silly gunzTarPerm modified mode [ 'nan_object_wrap.h', 436, 438 ]
379 silly gunzTarPerm extractEntry nan_persistent_12_inl.h
380 silly gunzTarPerm modified mode [ 'nan_persistent_12_inl.h', 436, 438 ]
381 silly gunzTarPerm extractEntry vendor/hunspell/README
382 silly gunzTarPerm extractEntry vendor/hunspell/src/hunspell/affentry.cxx
383 silly gunzTarPerm extractEntry vendor/hunspell/src/hunspell/affentry.hxx
384 silly gunzTarPerm extractEntry vendor/hunspell/src/hunspell/affixmgr.cxx
385 silly gunzTarPerm extractEntry nan_persistent_pre_12_inl.h
386 silly gunzTarPerm modified mode [ 'nan_persistent_pre_12_inl.h', 436, 438 ]
387 silly gunzTarPerm extractEntry nan_private.h
388 silly gunzTarPerm modified mode [ 'nan_private.h', 436, 438 ]
389 silly gunzTarPerm extractEntry vendor/hunspell/src/hunspell/affixmgr.hxx
390 silly gunzTarPerm extractEntry vendor/hunspell/src/hunspell/atypes.hxx
391 silly gunzTarPerm extractEntry vendor/hunspell/src/hunspell/baseaffix.hxx
392 silly gunzTarPerm extractEntry nan_string_bytes.h
393 silly gunzTarPerm modified mode [ 'nan_string_bytes.h', 436, 438 ]
394 silly gunzTarPerm extractEntry nan_typedarray_contents.h
395 silly gunzTarPerm modified mode [ 'nan_typedarray_contents.h', 436, 438 ]
396 silly gentlyRm C:\Users\Anteater\OneDrive\UCI Coding\Homework\hal-bot\node_modules\.staging\any-promise-83a08582\node_modules is being purged
397 verbose gentlyRm don't care about contents; nuking C:\Users\Anteater\OneDrive\UCI Coding\Homework\hal-bot\node_modules\.staging\any-promise-83a08582\node_modules
398 silly gunzTarPerm extractEntry vendor/hunspell/src/hunspell/csutil.cxx
399 silly gunzTarPerm extractEntry vendor/hunspell/src/hunspell/csutil.hxx
400 silly gunzTarPerm extractEntry vendor/hunspell/src/hunspell/dictmgr.cxx
401 silly gunzTarPerm extractEntry vendor/hunspell/src/hunspell/dictmgr.hxx
402 silly gunzTarPerm extractEntry nan_weak.h
403 silly gunzTarPerm modified mode [ 'nan_weak.h', 436, 438 ]
404 silly gunzTarPerm extractEntry CHANGELOG.md
405 silly gunzTarPerm modified mode [ 'CHANGELOG.md', 436, 438 ]
406 silly gunzTarPerm extractEntry vendor/hunspell/src/hunspell/filemgr.cxx
407 silly gunzTarPerm extractEntry vendor/hunspell/src/hunspell/filemgr.hxx
408 silly gunzTarPerm extractEntry vendor/hunspell/src/hunspell/hashmgr.cxx
409 silly gunzTarPerm extractEntry vendor/hunspell/src/hunspell/hashmgr.hxx
410 silly gunzTarPerm extractEntry vendor/hunspell/src/hunspell/htypes.hxx
411 silly gunzTarPerm extractEntry vendor/hunspell/src/hunspell/hunspell.cxx
412 silly gunzTarPerm extractEntry vendor/hunspell/src/hunspell/hunspell.dsp
413 silly gunzTarPerm extractEntry tools/package.json
414 silly gunzTarPerm modified mode [ 'tools/package.json', 436, 438 ]
415 silly gunzTarPerm extractEntry tools/README.md
416 silly gunzTarPerm modified mode [ 'tools/README.md', 436, 438 ]
417 silly gunzTarPerm extractEntry vendor/hunspell/src/hunspell/hunspell.h
418 silly gunzTarPerm extractEntry vendor/hunspell/src/hunspell/hunspell.hxx
419 silly gunzTarPerm extractEntry vendor/hunspell/src/hunspell/hunvisapi.h
420 silly gunzTarPerm extractEntry vendor/hunspell/src/hunspell/hunvisapi.h.in
421 silly gunzTarPerm extractEntry vendor/hunspell/src/hunspell/hunzip.cxx
422 silly gunzTarPerm extractEntry vendor/hunspell/src/hunspell/hunzip.hxx
423 silly gunzTarPerm extractEntry vendor/hunspell/src/hunspell/langnum.hxx
424 silly gunzTarPerm extractEntry vendor/hunspell/src/hunspell/license.hunspell
425 silly gunzTarPerm extractEntry vendor/hunspell/src/hunspell/license.myspell
426 silly gunzTarPerm extractEntry vendor/hunspell/src/hunspell/phonet.cxx
427 silly gunzTarPerm extractEntry vendor/hunspell/src/hunspell/phonet.hxx
428 silly gunzTarPerm extractEntry vendor/hunspell/src/hunspell/README
429 silly gunzTarPerm extractEntry vendor/hunspell/src/hunspell/replist.cxx
430 silly gunzTarPerm extractEntry vendor/hunspell/src/hunspell/replist.hxx
431 silly gunzTarPerm extractEntry tools/1to2.js
432 silly gunzTarPerm modified mode [ 'tools/1to2.js', 509, 511 ]
433 silly gunzTarPerm extractEntry vendor/hunspell/src/hunspell/suggestmgr.cxx
434 silly gunzTarPerm extractEntry vendor/hunspell/src/hunspell/suggestmgr.hxx
435 silly gunzTarPerm extractEntry vendor/hunspell/src/hunspell/utf_info.cxx
436 silly gunzTarPerm extractEntry vendor/hunspell/src/hunspell/w_char.hxx
437 silly gunzTarPerm extractEntry vendor/hunspell/src/parsers/firstparser.cxx
438 silly gunzTarPerm extractEntry vendor/hunspell/src/parsers/firstparser.hxx
439 silly gunzTarPerm extractEntry vendor/hunspell/src/parsers/htmlparser.cxx
440 silly gunzTarPerm extractEntry vendor/hunspell/src/parsers/htmlparser.hxx
441 silly gunzTarPerm extractEntry vendor/hunspell/src/parsers/latexparser.cxx
442 silly gunzTarPerm extractEntry vendor/hunspell/src/parsers/latexparser.hxx
443 silly gunzTarPerm extractEntry vendor/hunspell/src/parsers/manparser.cxx
444 silly gunzTarPerm extractEntry vendor/hunspell/src/parsers/manparser.hxx
445 silly gunzTarPerm extractEntry vendor/hunspell/src/parsers/testparser.cxx
446 silly gunzTarPerm extractEntry vendor/hunspell/src/parsers/textparser.cxx
447 silly gunzTarPerm extractEntry vendor/hunspell/src/parsers/textparser.hxx
448 silly gunzTarPerm extractEntry vendor/hunspell/THANKS
449 silly gentlyRm C:\Users\Anteater\OneDrive\UCI Coding\Homework\hal-bot\node_modules\.staging\nan-085f296e\node_modules is being purged
450 verbose gentlyRm don't care about contents; nuking C:\Users\Anteater\OneDrive\UCI Coding\Homework\hal-bot\node_modules\.staging\nan-085f296e\node_modules
451 silly gentlyRm C:\Users\Anteater\OneDrive\UCI Coding\Homework\hal-bot\node_modules\.staging\spellchecker-8016dff7\node_modules is being purged
452 verbose gentlyRm don't care about contents; nuking C:\Users\Anteater\OneDrive\UCI Coding\Homework\hal-bot\node_modules\.staging\spellchecker-8016dff7\node_modules
453 silly doParallel preinstall 3
454 silly preinstall any-promise@1.3.0 C:\Users\Anteater\OneDrive\UCI Coding\Homework\hal-bot\node_modules\.staging\any-promise-83a08582
455 info lifecycle any-promise@1.3.0~preinstall: any-promise@1.3.0
456 silly preinstall nan@2.7.0 C:\Users\Anteater\OneDrive\UCI Coding\Homework\hal-bot\node_modules\.staging\nan-085f296e
457 info lifecycle nan@2.7.0~preinstall: nan@2.7.0
458 silly preinstall spellchecker@3.4.4 C:\Users\Anteater\OneDrive\UCI Coding\Homework\hal-bot\node_modules\.staging\spellchecker-8016dff7
459 info lifecycle spellchecker@3.4.4~preinstall: spellchecker@3.4.4
460 silly lifecycle any-promise@1.3.0~preinstall: no script for preinstall, continuing
461 silly lifecycle nan@2.7.0~preinstall: no script for preinstall, continuing
462 silly lifecycle spellchecker@3.4.4~preinstall: no script for preinstall, continuing
463 silly doReverseSerial remove 1
464 silly remove C:\Users\Anteater\OneDrive\UCI Coding\Homework\hal-bot\node_modules\spellchecker
465 verbose unbuild node_modules\spellchecker
466 silly gentlyRm C:\Users\Anteater\OneDrive\UCI Coding\Homework\hal-bot\node_modules\spellchecker is being purged from base C:\Users\Anteater\OneDrive\UCI Coding\Homework\hal-bot
467 verbose gentlyRm don't care about contents; nuking C:\Users\Anteater\OneDrive\UCI Coding\Homework\hal-bot\node_modules\spellchecker
468 silly vacuum-fs purging C:\Users\Anteater\OneDrive\UCI Coding\Homework\hal-bot\node_modules\spellchecker
469 silly vacuum-fs quitting because other entries in C:\Users\Anteater\OneDrive\UCI Coding\Homework\hal-bot\node_modules
470 silly doSerial move 0
471 silly doSerial finalize 3
472 silly finalize C:\Users\Anteater\OneDrive\UCI Coding\Homework\hal-bot\node_modules\any-promise
473 silly finalize C:\Users\Anteater\OneDrive\UCI Coding\Homework\hal-bot\node_modules\nan
474 silly finalize C:\Users\Anteater\OneDrive\UCI Coding\Homework\hal-bot\node_modules\spellchecker
475 silly doSerial build 3
476 silly build any-promise@1.3.0
477 info linkStuff any-promise@1.3.0
478 silly linkStuff any-promise@1.3.0 has C:\Users\Anteater\OneDrive\UCI Coding\Homework\hal-bot\node_modules as its parent node_modules
479 verbose linkBins any-promise@1.3.0
480 verbose linkMans any-promise@1.3.0
481 silly build nan@2.7.0
482 info linkStuff nan@2.7.0
483 silly linkStuff nan@2.7.0 has C:\Users\Anteater\OneDrive\UCI Coding\Homework\hal-bot\node_modules as its parent node_modules
484 verbose linkBins nan@2.7.0
485 verbose linkMans nan@2.7.0
486 silly build spellchecker@3.4.4
487 info linkStuff spellchecker@3.4.4
488 silly linkStuff spellchecker@3.4.4 has C:\Users\Anteater\OneDrive\UCI Coding\Homework\hal-bot\node_modules as its parent node_modules
489 verbose linkBins spellchecker@3.4.4
490 verbose linkMans spellchecker@3.4.4
491 silly doSerial global-link 0
492 silly doParallel update-linked 0
493 silly doSerial install 3
494 silly install any-promise@1.3.0 C:\Users\Anteater\OneDrive\UCI Coding\Homework\hal-bot\node_modules\.staging\any-promise-83a08582
495 info lifecycle any-promise@1.3.0~install: any-promise@1.3.0
496 silly lifecycle any-promise@1.3.0~install: no script for install, continuing
497 silly install nan@2.7.0 C:\Users\Anteater\OneDrive\UCI Coding\Homework\hal-bot\node_modules\.staging\nan-085f296e
498 info lifecycle nan@2.7.0~install: nan@2.7.0
499 silly lifecycle nan@2.7.0~install: no script for install, continuing
500 silly install spellchecker@3.4.4 C:\Users\Anteater\OneDrive\UCI Coding\Homework\hal-bot\node_modules\.staging\spellchecker-8016dff7
501 info lifecycle spellchecker@3.4.4~install: spellchecker@3.4.4
502 verbose lifecycle spellchecker@3.4.4~install: unsafe-perm in lifecycle true
503 verbose lifecycle spellchecker@3.4.4~install: PATH: C:\Program Files\nodejs\node_modules\npm\bin\node-gyp-bin;C:\Users\Anteater\OneDrive\UCI Coding\Homework\hal-bot\node_modules\spellchecker\node_modules\.bin;C:\Users\Anteater\OneDrive\UCI Coding\Homework\hal-bot\node_modules\.bin;C:\Users\Anteater\bin;C:\Program Files\Git\mingw64\bin;C:\Program Files\Git\usr\local\bin;C:\Program Files\Git\usr\bin;C:\Program Files\Git\usr\bin;C:\Program Files\Git\mingw64\bin;C:\Program Files\Git\usr\bin;C:\Users\Anteater\bin;C:\WINDOWS\system32;C:\WINDOWS;C:\WINDOWS\System32\Wbem;C:\WINDOWS\System32\WindowsPowerShell\v1.0;C:\Program Files (x86)\Common Files\lenovo\easyplussdk\bin;C:\Program Files (x86)\ATI Technologies\ATI.ACE\Core-Static;C:\Program Files\Git\cmd;C:\Program Files\nodejs;C:\Users\Anteater\AppData\Local\Microsoft\WindowsApps;C:\Program Files\Heroku\bin;C:\Users\Anteater\AppData\Roaming\npm;C:\Program Files\Git\usr\bin\vendor_perl;C:\Program Files\Git\usr\bin\core_perl
504 verbose lifecycle spellchecker@3.4.4~install: CWD: C:\Users\Anteater\OneDrive\UCI Coding\Homework\hal-bot\node_modules\spellchecker
505 silly lifecycle spellchecker@3.4.4~install: Args: [ '/d /s /c', 'node-gyp rebuild' ]
506 silly lifecycle spellchecker@3.4.4~install: Returned: code: 1  signal: null
507 info lifecycle spellchecker@3.4.4~install: Failed to exec install script
508 verbose unlock done using C:\Users\Anteater\AppData\Roaming\npm-cache\_locks\staging-a5a6fdd774b4d332.lock for C:\Users\Anteater\OneDrive\UCI Coding\Homework\hal-bot\node_modules\.staging
509 silly rollbackFailedOptional Starting
510 silly rollbackFailedOptional Finishing
511 silly runTopLevelLifecycles Finishing
512 silly install printInstalled
513 verbose stack Error: spellchecker@3.4.4 install: `node-gyp rebuild`
513 verbose stack Exit status 1
513 verbose stack     at EventEmitter.<anonymous> (C:\Program Files\nodejs\node_modules\npm\lib\utils\lifecycle.js:255:16)
513 verbose stack     at emitTwo (events.js:106:13)
513 verbose stack     at EventEmitter.emit (events.js:191:7)
513 verbose stack     at ChildProcess.<anonymous> (C:\Program Files\nodejs\node_modules\npm\lib\utils\spawn.js:40:14)
513 verbose stack     at emitTwo (events.js:106:13)
513 verbose stack     at ChildProcess.emit (events.js:191:7)
513 verbose stack     at maybeClose (internal/child_process.js:886:16)
513 verbose stack     at Process.ChildProcess._handle.onexit (internal/child_process.js:226:5)
514 verbose pkgid spellchecker@3.4.4
515 verbose cwd C:\Users\Anteater\OneDrive\UCI Coding\Homework\hal-bot
516 error Windows_NT 10.0.15063
517 error argv "C:\\Program Files\\nodejs\\node.exe" "C:\\Program Files\\nodejs\\node_modules\\npm\\bin\\npm-cli.js" "install" "spellchecker"
518 error node v6.10.3
519 error npm  v3.10.10
520 error code ELIFECYCLE
521 error spellchecker@3.4.4 install: `node-gyp rebuild`
521 error Exit status 1
522 error Failed at the spellchecker@3.4.4 install script 'node-gyp rebuild'.
522 error Make sure you have the latest version of node.js and npm installed.
522 error If you do, this is most likely a problem with the spellchecker package,
522 error not with npm itself.
522 error Tell the author that this fails on your system:
522 error     node-gyp rebuild
522 error You can get information on how to open an issue for this project with:
522 error     npm bugs spellchecker
522 error Or if that isn't available, you can get their info via:
522 error     npm owner ls spellchecker
522 error There is likely additional logging output above.
523 verbose exit [ 1, true ]
